e:\projects\sql.manager.x86\objects\vc120.pdb
e:\projects\sql.manager.x86\objects\sql.tableevent.obj
e:\projects\sql.manager.x86\objects\sql.table.obj
e:\projects\sql.manager.x86\objects\sql.query.obj
e:\projects\sql.manager.x86\objects\sql.interface.obj
e:\projects\sql.manager.x86\objects\sql.command.obj
e:\projects\sql.manager.x86\objects\sql.field.obj
e:\projects\sql.manager.x86\objects\sql.error.obj
e:\projects\sql.manager.x86\objects\sql.database.obj
e:\projects\sql.manager.x86\objects\sql.connectionseventimpl.obj
e:\projects\sql.manager.x86\objects\sql.connectinfo.obj
e:\projects\sql.manager.x86\x64\debug\sql.manager.x64.debug.lib
e:\projects\sql.manager.x86\objects\sql.manager.tlog\cl.command.1.tlog
e:\projects\sql.manager.x86\objects\sql.manager.tlog\cl.read.1.tlog
e:\projects\sql.manager.x86\objects\sql.manager.tlog\cl.write.1.tlog
e:\projects\sql.manager.x86\objects\sql.manager.tlog\lib-link.read.1.tlog
e:\projects\sql.manager.x86\objects\sql.manager.tlog\lib-link.write.1.tlog
e:\projects\sql.manager.x86\objects\sql.manager.tlog\lib.command.1.tlog
e:\projects\sql.manager.x86\objects\sql.manager.tlog\metagen.read.1.tlog
e:\projects\sql.manager.x86\objects\sql.manager.tlog\metagen.write.1.tlog
