E:\projects\sql.manager.x86\.\Win32\Release\sql.manager.x86.lib
E:\projects\sql.manager.x86\object\cl.command.1.tlog
E:\projects\sql.manager.x86\object\CL.read.1.tlog
E:\projects\sql.manager.x86\object\CL.write.1.tlog
E:\projects\sql.manager.x86\object\lib.command.1.tlog
E:\projects\sql.manager.x86\object\Lib-link.read.1.tlog
E:\projects\sql.manager.x86\object\Lib-link.write.1.tlog
E:\PROJECTS\SQL.MANAGER.X86\OBJECT\SQL.ABSTRACTTABLEDATA.OBJ
E:\PROJECTS\SQL.MANAGER.X86\OBJECT\SQL.COMMAND.OBJ
E:\PROJECTS\SQL.MANAGER.X86\OBJECT\SQL.CONNECTINFO.OBJ
E:\PROJECTS\SQL.MANAGER.X86\OBJECT\SQL.CONNECTIONSEVENT.OBJ
E:\PROJECTS\SQL.MANAGER.X86\OBJECT\SQL.DATA.OBJ
E:\PROJECTS\SQL.MANAGER.X86\OBJECT\SQL.DATABASE.OBJ
E:\PROJECTS\SQL.MANAGER.X86\OBJECT\SQL.ERROR.OBJ
E:\PROJECTS\SQL.MANAGER.X86\OBJECT\SQL.EXCEPTION.OBJ
E:\PROJECTS\SQL.MANAGER.X86\OBJECT\SQL.FIELD.OBJ
E:\PROJECTS\SQL.MANAGER.X86\OBJECT\SQL.INTERFACE.OBJ
E:\projects\sql.manager.x86\object\sql.manager.vcxprojResolveAssemblyReference.cache
E:\projects\sql.manager.x86\object\sql.manager.write.1.tlog
E:\PROJECTS\SQL.MANAGER.X86\OBJECT\SQL.QUERY.OBJ
E:\PROJECTS\SQL.MANAGER.X86\OBJECT\SQL.TABLE.OBJ
E:\PROJECTS\SQL.MANAGER.X86\OBJECT\SQL.TABLEEVENT.OBJ
E:\PROJECTS\SQL.MANAGER.X86\OBJECT\SQL.TABLEEVENTDATA.OBJ
E:\PROJECTS\SQL.MANAGER.X86\OBJECT\SQL.TABLETHREAD.OBJ
E:\PROJECTS\SQL.MANAGER.X86\WIN32\RELEASE\SQL.MANAGER.X86.LIB
